::1 - - [11/Jun/2017:13:15:13 +0000] "GET / HTTP/1.1" 200 246697 "-" "Mozilla/5.0 (Macintosh; Intel Mac OS X 10_12_5) AppleWebKit/537.36 (KHTML, like Gecko) Chrome/58.0.3029.110 Safari/537.36"
::1 - - [11/Jun/2017:13:15:13 +0000] "GET /style.css HTTP/1.1" 304 - "http://localhost:3000/" "Mozilla/5.0 (Macintosh; Intel Mac OS X 10_12_5) AppleWebKit/537.36 (KHTML, like Gecko) Chrome/58.0.3029.110 Safari/537.36"
::1 - - [11/Jun/2017:13:15:13 +0000] "GET /home.js HTTP/1.1" 304 - "http://localhost:3000/" "Mozilla/5.0 (Macintosh; Intel Mac OS X 10_12_5) AppleWebKit/537.36 (KHTML, like Gecko) Chrome/58.0.3029.110 Safari/537.36"
::1 - - [11/Jun/2017:13:15:13 +0000] "GET /css/bootstrap.min.css HTTP/1.1" 304 - "http://localhost:3000/" "Mozilla/5.0 (Macintosh; Intel Mac OS X 10_12_5) AppleWebKit/537.36 (KHTML, like Gecko) Chrome/58.0.3029.110 Safari/537.36"
::1 - - [11/Jun/2017:13:15:13 +0000] "GET /jquery.min.js HTTP/1.1" 304 - "http://localhost:3000/" "Mozilla/5.0 (Macintosh; Intel Mac OS X 10_12_5) AppleWebKit/537.36 (KHTML, like Gecko) Chrome/58.0.3029.110 Safari/537.36"
::1 - - [11/Jun/2017:13:15:14 +0000] "GET /api/rooms HTTP/1.1" 304 - "http://localhost:3000/" "Mozilla/5.0 (Macintosh; Intel Mac OS X 10_12_5) AppleWebKit/537.36 (KHTML, like Gecko) Chrome/58.0.3029.110 Safari/537.36"
::1 - - [11/Jun/2017:13:15:14 +0000] "GET /api/rooms/f2754172-1c58-41ed-ae84-74e046888adb/messages HTTP/1.1" 304 - "http://localhost:3000/" "Mozilla/5.0 (Macintosh; Intel Mac OS X 10_12_5) AppleWebKit/537.36 (KHTML, like Gecko) Chrome/58.0.3029.110 Safari/537.36"
::1 - - [11/Jun/2017:13:15:17 +0000] "POST /api/rooms/f2754172-1c58-41ed-ae84-74e046888adb/messages HTTP/1.1" 200 2 "http://localhost:3000/" "Mozilla/5.0 (Macintosh; Intel Mac OS X 10_12_5) AppleWebKit/537.36 (KHTML, like Gecko) Chrome/58.0.3029.110 Safari/537.36"
::1 - - [11/Jun/2017:13:15:17 +0000] "GET /api/rooms/f2754172-1c58-41ed-ae84-74e046888adb/messages HTTP/1.1" 200 728 "http://localhost:3000/" "Mozilla/5.0 (Macintosh; Intel Mac OS X 10_12_5) AppleWebKit/537.36 (KHTML, like Gecko) Chrome/58.0.3029.110 Safari/537.36"
::1 - - [11/Jun/2017:13:15:22 +0000] "POST /api/rooms/f2754172-1c58-41ed-ae84-74e046888adb/messages HTTP/1.1" 200 2 "http://localhost:3000/" "Mozilla/5.0 (Macintosh; Intel Mac OS X 10_12_5) AppleWebKit/537.36 (KHTML, like Gecko) Chrome/58.0.3029.110 Safari/537.36"
::1 - - [11/Jun/2017:13:15:22 +0000] "GET /api/rooms/f2754172-1c58-41ed-ae84-74e046888adb/messages HTTP/1.1" 200 895 "http://localhost:3000/" "Mozilla/5.0 (Macintosh; Intel Mac OS X 10_12_5) AppleWebKit/537.36 (KHTML, like Gecko) Chrome/58.0.3029.110 Safari/537.36"
::1 - - [11/Jun/2017:13:19:01 +0000] "GET / HTTP/1.1" 200 246703 "-" "Mozilla/5.0 (Macintosh; Intel Mac OS X 10_12_5) AppleWebKit/537.36 (KHTML, like Gecko) Chrome/58.0.3029.110 Safari/537.36"
::1 - - [11/Jun/2017:13:19:01 +0000] "GET /style.css HTTP/1.1" 304 - "http://localhost:3000/" "Mozilla/5.0 (Macintosh; Intel Mac OS X 10_12_5) AppleWebKit/537.36 (KHTML, like Gecko) Chrome/58.0.3029.110 Safari/537.36"
::1 - - [11/Jun/2017:13:19:01 +0000] "GET /home.js HTTP/1.1" 304 - "http://localhost:3000/" "Mozilla/5.0 (Macintosh; Intel Mac OS X 10_12_5) AppleWebKit/537.36 (KHTML, like Gecko) Chrome/58.0.3029.110 Safari/537.36"
::1 - - [11/Jun/2017:13:19:01 +0000] "GET /css/bootstrap.min.css HTTP/1.1" 304 - "http://localhost:3000/" "Mozilla/5.0 (Macintosh; Intel Mac OS X 10_12_5) AppleWebKit/537.36 (KHTML, like Gecko) Chrome/58.0.3029.110 Safari/537.36"
::1 - - [11/Jun/2017:13:19:01 +0000] "GET /jquery.min.js HTTP/1.1" 304 - "http://localhost:3000/" "Mozilla/5.0 (Macintosh; Intel Mac OS X 10_12_5) AppleWebKit/537.36 (KHTML, like Gecko) Chrome/58.0.3029.110 Safari/537.36"
::1 - - [11/Jun/2017:13:19:01 +0000] "GET /api/rooms HTTP/1.1" 304 - "http://localhost:3000/" "Mozilla/5.0 (Macintosh; Intel Mac OS X 10_12_5) AppleWebKit/537.36 (KHTML, like Gecko) Chrome/58.0.3029.110 Safari/537.36"
::1 - - [11/Jun/2017:13:19:01 +0000] "GET /api/rooms/f2754172-1c58-41ed-ae84-74e046888adb/messages HTTP/1.1" 200 570 "http://localhost:3000/" "Mozilla/5.0 (Macintosh; Intel Mac OS X 10_12_5) AppleWebKit/537.36 (KHTML, like Gecko) Chrome/58.0.3029.110 Safari/537.36"
::1 - - [11/Jun/2017:13:21:08 +0000] "GET / HTTP/1.1" 500 1227 "-" "Mozilla/5.0 (Macintosh; Intel Mac OS X 10_12_5) AppleWebKit/537.36 (KHTML, like Gecko) Chrome/58.0.3029.110 Safari/537.36"
::1 - - [11/Jun/2017:13:23:18 +0000] "GET / HTTP/1.1" 200 246469 "-" "Mozilla/5.0 (Macintosh; Intel Mac OS X 10_12_5) AppleWebKit/537.36 (KHTML, like Gecko) Chrome/58.0.3029.110 Safari/537.36"
::1 - - [11/Jun/2017:13:23:18 +0000] "GET /css/bootstrap.min.css HTTP/1.1" 304 - "http://localhost:3000/" "Mozilla/5.0 (Macintosh; Intel Mac OS X 10_12_5) AppleWebKit/537.36 (KHTML, like Gecko) Chrome/58.0.3029.110 Safari/537.36"
::1 - - [11/Jun/2017:13:23:18 +0000] "GET /style.css HTTP/1.1" 304 - "http://localhost:3000/" "Mozilla/5.0 (Macintosh; Intel Mac OS X 10_12_5) AppleWebKit/537.36 (KHTML, like Gecko) Chrome/58.0.3029.110 Safari/537.36"
::1 - - [11/Jun/2017:13:23:18 +0000] "GET /home.js HTTP/1.1" 304 - "http://localhost:3000/" "Mozilla/5.0 (Macintosh; Intel Mac OS X 10_12_5) AppleWebKit/537.36 (KHTML, like Gecko) Chrome/58.0.3029.110 Safari/537.36"
::1 - - [11/Jun/2017:13:23:18 +0000] "GET /jquery.min.js HTTP/1.1" 304 - "http://localhost:3000/" "Mozilla/5.0 (Macintosh; Intel Mac OS X 10_12_5) AppleWebKit/537.36 (KHTML, like Gecko) Chrome/58.0.3029.110 Safari/537.36"
::1 - - [11/Jun/2017:13:23:18 +0000] "GET /api/rooms HTTP/1.1" 304 - "http://localhost:3000/" "Mozilla/5.0 (Macintosh; Intel Mac OS X 10_12_5) AppleWebKit/537.36 (KHTML, like Gecko) Chrome/58.0.3029.110 Safari/537.36"
::1 - - [11/Jun/2017:13:23:18 +0000] "GET /api/rooms/f2754172-1c58-41ed-ae84-74e046888adb/messages HTTP/1.1" 304 - "http://localhost:3000/" "Mozilla/5.0 (Macintosh; Intel Mac OS X 10_12_5) AppleWebKit/537.36 (KHTML, like Gecko) Chrome/58.0.3029.110 Safari/537.36"
::1 - - [11/Jun/2017:13:23:46 +0000] "GET / HTTP/1.1" 500 22 "-" "Mozilla/5.0 (Macintosh; Intel Mac OS X 10_12_5) AppleWebKit/537.36 (KHTML, like Gecko) Chrome/58.0.3029.110 Safari/537.36"
::1 - - [11/Jun/2017:13:27:54 +0000] "GET / HTTP/1.1" 500 22 "-" "Mozilla/5.0 (Macintosh; Intel Mac OS X 10_12_5) AppleWebKit/537.36 (KHTML, like Gecko) Chrome/58.0.3029.110 Safari/537.36"
::1 - - [11/Jun/2017:13:27:55 +0000] "GET / HTTP/1.1" 500 22 "-" "Mozilla/5.0 (Macintosh; Intel Mac OS X 10_12_5) AppleWebKit/537.36 (KHTML, like Gecko) Chrome/58.0.3029.110 Safari/537.36"
::1 - - [11/Jun/2017:13:28:31 +0000] "GET / HTTP/1.1" 500 22 "-" "Mozilla/5.0 (Macintosh; Intel Mac OS X 10_12_5) AppleWebKit/537.36 (KHTML, like Gecko) Chrome/58.0.3029.110 Safari/537.36"
::1 - - [11/Jun/2017:13:28:33 +0000] "GET / HTTP/1.1" 500 22 "-" "Mozilla/5.0 (Macintosh; Intel Mac OS X 10_12_5) AppleWebKit/537.36 (KHTML, like Gecko) Chrome/58.0.3029.110 Safari/537.36"
::1 - - [11/Jun/2017:13:28:56 +0000] "GET / HTTP/1.1" 200 27 "-" "Mozilla/5.0 (Macintosh; Intel Mac OS X 10_12_5) AppleWebKit/537.36 (KHTML, like Gecko) Chrome/58.0.3029.110 Safari/537.36"
::1 - - [11/Jun/2017:13:29:43 +0000] "GET / HTTP/1.1" 304 - "-" "Mozilla/5.0 (Macintosh; Intel Mac OS X 10_12_5) AppleWebKit/537.36 (KHTML, like Gecko) Chrome/58.0.3029.110 Safari/537.36"
::1 - - [11/Jun/2017:13:31:51 +0000] "GET / HTTP/1.1" 304 - "-" "Mozilla/5.0 (Macintosh; Intel Mac OS X 10_12_5) AppleWebKit/537.36 (KHTML, like Gecko) Chrome/58.0.3029.110 Safari/537.36"
::1 - - [11/Jun/2017:13:31:54 +0000] "GET / HTTP/1.1" 304 - "-" "Mozilla/5.0 (Macintosh; Intel Mac OS X 10_12_5) AppleWebKit/537.36 (KHTML, like Gecko) Chrome/58.0.3029.110 Safari/537.36"
::1 - - [11/Jun/2017:13:31:55 +0000] "GET / HTTP/1.1" 304 - "-" "Mozilla/5.0 (Macintosh; Intel Mac OS X 10_12_5) AppleWebKit/537.36 (KHTML, like Gecko) Chrome/58.0.3029.110 Safari/537.36"
::1 - - [11/Jun/2017:13:31:55 +0000] "GET / HTTP/1.1" 304 - "-" "Mozilla/5.0 (Macintosh; Intel Mac OS X 10_12_5) AppleWebKit/537.36 (KHTML, like Gecko) Chrome/58.0.3029.110 Safari/537.36"
::1 - - [11/Jun/2017:13:31:55 +0000] "GET / HTTP/1.1" 304 - "-" "Mozilla/5.0 (Macintosh; Intel Mac OS X 10_12_5) AppleWebKit/537.36 (KHTML, like Gecko) Chrome/58.0.3029.110 Safari/537.36"
